<?xml version="1.0" encoding="UTF-8"?>
<testng-results skipped="0" failed="1" ignored="0" total="5" passed="4">
  <reporter-output>
  </reporter-output>
  <suite name="AllTestsSuite" duration-ms="173336" started-at="2019-05-10T06:36:10Z" finished-at="2019-05-10T06:39:04Z">
    <groups>
    </groups>
    <test name="first_test" duration-ms="32173" started-at="2019-05-10T06:36:10Z" finished-at="2019-05-10T06:36:43Z">
      <class name="autotest.FirstTest">
        <test-method status="PASS" signature="setUp()[pri:0, instance:autotest.FirstTest@5aabbb29]" name="setUp" is-config="true" duration-ms="11304" started-at="2019-05-10T06:36:10Z" finished-at="2019-05-10T06:36:22Z">
          <reporter-output>
          </reporter-output>
        </test-method> <!-- setUp -->
        <test-method status="PASS" signature="first_test()[pri:0, instance:autotest.FirstTest@5aabbb29]" name="first_test" duration-ms="11161" started-at="2019-05-10T06:36:22Z" finished-at="2019-05-10T06:36:33Z">
          <reporter-output>
          </reporter-output>
        </test-method> <!-- first_test -->
        <test-method status="PASS" signature="close()[pri:0, instance:autotest.FirstTest@5aabbb29]" name="close" is-config="true" duration-ms="9395" started-at="2019-05-10T06:36:33Z" finished-at="2019-05-10T06:36:43Z">
          <reporter-output>
          </reporter-output>
        </test-method> <!-- close -->
      </class> <!-- autotest.FirstTest -->
    </test> <!-- first_test -->
    <test name="second_test" duration-ms="116453" started-at="2019-05-10T06:36:43Z" finished-at="2019-05-10T06:38:39Z">
      <class name="autotest.SecondTest">
        <test-method status="PASS" signature="setUp()[pri:0, instance:autotest.SecondTest@10027fc9]" name="setUp" is-config="true" duration-ms="9394" started-at="2019-05-10T06:36:43Z" finished-at="2019-05-10T06:36:52Z">
          <reporter-output>
          </reporter-output>
        </test-method> <!-- setUp -->
        <test-method status="PASS" signature="second_test(java.lang.String)[pri:0, instance:autotest.SecondTest@10027fc9]" name="second_test" duration-ms="22986" started-at="2019-05-10T06:36:52Z" data-provider="citiesData" finished-at="2019-05-10T06:37:15Z">
          <params>
            <param index="0">
              <value>
                <![CDATA[Хвалынск]]>
              </value>
            </param>
          </params>
          <reporter-output>
          </reporter-output>
        </test-method> <!-- second_test -->
        <test-method status="PASS" signature="close()[pri:0, instance:autotest.SecondTest@10027fc9]" name="close" is-config="true" duration-ms="8354" started-at="2019-05-10T06:37:15Z" finished-at="2019-05-10T06:37:23Z">
          <reporter-output>
          </reporter-output>
        </test-method> <!-- close -->
        <test-method status="PASS" signature="setUp()[pri:0, instance:autotest.SecondTest@10027fc9]" name="setUp" is-config="true" duration-ms="10109" started-at="2019-05-10T06:37:23Z" finished-at="2019-05-10T06:37:34Z">
          <reporter-output>
          </reporter-output>
        </test-method> <!-- setUp -->
        <test-method status="PASS" signature="second_test(java.lang.String)[pri:0, instance:autotest.SecondTest@10027fc9]" name="second_test" duration-ms="19076" started-at="2019-05-10T06:37:34Z" data-provider="citiesData" finished-at="2019-05-10T06:37:53Z">
          <params>
            <param index="0">
              <value>
                <![CDATA[Энгельс]]>
              </value>
            </param>
          </params>
          <reporter-output>
          </reporter-output>
        </test-method> <!-- second_test -->
        <test-method status="PASS" signature="close()[pri:0, instance:autotest.SecondTest@10027fc9]" name="close" is-config="true" duration-ms="6681" started-at="2019-05-10T06:37:53Z" finished-at="2019-05-10T06:37:59Z">
          <reporter-output>
          </reporter-output>
        </test-method> <!-- close -->
        <test-method status="PASS" signature="setUp()[pri:0, instance:autotest.SecondTest@10027fc9]" name="setUp" is-config="true" duration-ms="9593" started-at="2019-05-10T06:37:59Z" finished-at="2019-05-10T06:38:09Z">
          <reporter-output>
          </reporter-output>
        </test-method> <!-- setUp -->
        <test-method status="PASS" signature="second_test(java.lang.String)[pri:0, instance:autotest.SecondTest@10027fc9]" name="second_test" duration-ms="21871" started-at="2019-05-10T06:38:09Z" data-provider="citiesData" finished-at="2019-05-10T06:38:31Z">
          <params>
            <param index="0">
              <value>
                <![CDATA[Волгоград]]>
              </value>
            </param>
          </params>
          <reporter-output>
          </reporter-output>
        </test-method> <!-- second_test -->
        <test-method status="PASS" signature="close()[pri:0, instance:autotest.SecondTest@10027fc9]" name="close" is-config="true" duration-ms="8319" started-at="2019-05-10T06:38:31Z" finished-at="2019-05-10T06:38:39Z">
          <reporter-output>
          </reporter-output>
        </test-method> <!-- close -->
      </class> <!-- autotest.SecondTest -->
    </test> <!-- second_test -->
    <test name="third_test" duration-ms="24608" started-at="2019-05-10T06:38:39Z" finished-at="2019-05-10T06:39:04Z">
      <class name="autotest.ThirdTest">
        <test-method status="PASS" signature="setUp()[pri:0, instance:autotest.ThirdTest@5a021cb9]" name="setUp" is-config="true" duration-ms="11204" started-at="2019-05-10T06:38:39Z" finished-at="2019-05-10T06:38:50Z">
          <reporter-output>
          </reporter-output>
        </test-method> <!-- setUp -->
        <test-method status="FAIL" signature="third_test()[pri:0, instance:autotest.ThirdTest@5a021cb9]" name="third_test" duration-ms="11909" started-at="2019-05-10T06:38:50Z" finished-at="2019-05-10T06:39:02Z">
          <exception class="org.openqa.selenium.StaleElementReferenceException">
            <message>
              <![CDATA[stale element reference: element is not attached to the page document
  (Session info: chrome=74.0.3729.131)
  (Driver info: chromedriver=72.0.3626.69 (3c16f8a135abc0d4da2dff33804db79b849a7c38),platform=Windows NT 10.0.17134 x86_64) (WARNING: The server did not provide any stacktrace information)
Command duration or timeout: 0 milliseconds
For documentation on this error, please visit: https://www.seleniumhq.org/exceptions/stale_element_reference.html
Build info: version: '3.141.59', revision: 'e82be7d358', time: '2018-11-14T08:17:03'
System info: host: 'LAPTOP-UCRQ5H7O', ip: '192.168.43.64', os.name: 'Windows 10', os.arch: 'amd64', os.version: '10.0', java.version: '1.8.0_181'
Driver info: org.openqa.selenium.chrome.ChromeDriver
Capabilities {acceptInsecureCerts: false, acceptSslCerts: false, applicationCacheEnabled: false, browserConnectionEnabled: false, browserName: chrome, chrome: {chromedriverVersion: 72.0.3626.69 (3c16f8a135abc..., userDataDir: C:\Users\kryuc\AppData\Loca...}, cssSelectorsEnabled: true, databaseEnabled: false, goog:chromeOptions: {debuggerAddress: localhost:51742}, handlesAlerts: true, hasTouchScreen: false, javascriptEnabled: true, locationContextEnabled: true, mobileEmulationEnabled: false, nativeEvents: true, networkConnectionEnabled: false, pageLoadStrategy: normal, platform: XP, platformName: XP, proxy: Proxy(), rotatable: false, setWindowRect: true, takesHeapSnapshot: true, takesScreenshot: true, timeouts: {implicit: 0, pageLoad: 300000, script: 30000}, unexpectedAlertBehaviour: ignore, unhandledPromptBehavior: ignore, version: 74.0.3729.131, webStorageEnabled: true}
Session ID: 83a4f55b4db0d3b5c265e9965fc57e9d]]>
            </message>
            <full-stacktrace>
              <![CDATA[org.openqa.selenium.StaleElementReferenceException: stale element reference: element is not attached to the page document
  (Session info: chrome=74.0.3729.131)
  (Driver info: chromedriver=72.0.3626.69 (3c16f8a135abc0d4da2dff33804db79b849a7c38),platform=Windows NT 10.0.17134 x86_64) (WARNING: The server did not provide any stacktrace information)
Command duration or timeout: 0 milliseconds
For documentation on this error, please visit: https://www.seleniumhq.org/exceptions/stale_element_reference.html
Build info: version: '3.141.59', revision: 'e82be7d358', time: '2018-11-14T08:17:03'
System info: host: 'LAPTOP-UCRQ5H7O', ip: '192.168.43.64', os.name: 'Windows 10', os.arch: 'amd64', os.version: '10.0', java.version: '1.8.0_181'
Driver info: org.openqa.selenium.chrome.ChromeDriver
Capabilities {acceptInsecureCerts: false, acceptSslCerts: false, applicationCacheEnabled: false, browserConnectionEnabled: false, browserName: chrome, chrome: {chromedriverVersion: 72.0.3626.69 (3c16f8a135abc..., userDataDir: C:\Users\kryuc\AppData\Loca...}, cssSelectorsEnabled: true, databaseEnabled: false, goog:chromeOptions: {debuggerAddress: localhost:51742}, handlesAlerts: true, hasTouchScreen: false, javascriptEnabled: true, locationContextEnabled: true, mobileEmulationEnabled: false, nativeEvents: true, networkConnectionEnabled: false, pageLoadStrategy: normal, platform: XP, platformName: XP, proxy: Proxy(), rotatable: false, setWindowRect: true, takesHeapSnapshot: true, takesScreenshot: true, timeouts: {implicit: 0, pageLoad: 300000, script: 30000}, unexpectedAlertBehaviour: ignore, unhandledPromptBehavior: ignore, version: 74.0.3729.131, webStorageEnabled: true}
Session ID: 83a4f55b4db0d3b5c265e9965fc57e9d
at sun.reflect.NativeConstructorAccessorImpl.newInstance0(Native Method)
at sun.reflect.NativeConstructorAccessorImpl.newInstance(NativeConstructorAccessorImpl.java:62)
at sun.reflect.DelegatingConstructorAccessorImpl.newInstance(DelegatingConstructorAccessorImpl.java:45)
at java.lang.reflect.Constructor.newInstance(Constructor.java:423)
at org.openqa.selenium.remote.ErrorHandler.createThrowable(ErrorHandler.java:214)
at org.openqa.selenium.remote.ErrorHandler.throwIfResponseFailed(ErrorHandler.java:166)
at org.openqa.selenium.remote.http.JsonHttpResponseCodec.reconstructValue(JsonHttpResponseCodec.java:40)
at org.openqa.selenium.remote.http.AbstractHttpResponseCodec.decode(AbstractHttpResponseCodec.java:80)
at org.openqa.selenium.remote.http.AbstractHttpResponseCodec.decode(AbstractHttpResponseCodec.java:44)
at org.openqa.selenium.remote.HttpCommandExecutor.execute(HttpCommandExecutor.java:158)
at org.openqa.selenium.remote.service.DriverCommandExecutor.execute(DriverCommandExecutor.java:83)
at org.openqa.selenium.remote.RemoteWebDriver.execute(RemoteWebDriver.java:552)
at org.openqa.selenium.remote.RemoteWebElement.execute(RemoteWebElement.java:285)
at org.openqa.selenium.remote.RemoteWebElement.getText(RemoteWebElement.java:166)
at autotest.CatalogPage.itemsCheckUp(CatalogPage.java:48)
at autotest.ThirdTest.third_test(ThirdTest.java:26)
at sun.reflect.NativeMethodAccessorImpl.invoke0(Native Method)
at sun.reflect.NativeMethodAccessorImpl.invoke(NativeMethodAccessorImpl.java:62)
at sun.reflect.DelegatingMethodAccessorImpl.invoke(DelegatingMethodAccessorImpl.java:43)
at java.lang.reflect.Method.invoke(Method.java:498)
at org.testng.internal.MethodInvocationHelper.invokeMethod(MethodInvocationHelper.java:124)
at org.testng.internal.Invoker.invokeMethod(Invoker.java:583)
at org.testng.internal.Invoker.invokeTestMethod(Invoker.java:719)
at org.testng.internal.Invoker.invokeTestMethods(Invoker.java:989)
at org.testng.internal.TestMethodWorker.invokeTestMethods(TestMethodWorker.java:125)
at org.testng.internal.TestMethodWorker.run(TestMethodWorker.java:109)
at org.testng.TestRunner.privateRun(TestRunner.java:648)
at org.testng.TestRunner.run(TestRunner.java:505)
at org.testng.SuiteRunner.runTest(SuiteRunner.java:455)
at org.testng.SuiteRunner.runSequentially(SuiteRunner.java:450)
at org.testng.SuiteRunner.privateRun(SuiteRunner.java:415)
at org.testng.SuiteRunner.run(SuiteRunner.java:364)
at org.testng.SuiteRunnerWorker.runSuite(SuiteRunnerWorker.java:52)
at org.testng.SuiteRunnerWorker.run(SuiteRunnerWorker.java:84)
at org.testng.TestNG.runSuitesSequentially(TestNG.java:1208)
at org.testng.TestNG.runSuitesLocally(TestNG.java:1137)
at org.testng.TestNG.runSuites(TestNG.java:1049)
at org.testng.TestNG.run(TestNG.java:1017)
at org.apache.maven.surefire.testng.TestNGExecutor.run(TestNGExecutor.java:283)
at org.apache.maven.surefire.testng.TestNGXmlTestSuite.execute(TestNGXmlTestSuite.java:75)
at org.apache.maven.surefire.testng.TestNGProvider.invoke(TestNGProvider.java:120)
at org.apache.maven.surefire.booter.ForkedBooter.invokeProviderInSameClassLoader(ForkedBooter.java:386)
at org.apache.maven.surefire.booter.ForkedBooter.runSuitesInProcess(ForkedBooter.java:323)
at org.apache.maven.surefire.booter.ForkedBooter.main(ForkedBooter.java:143)
]]>
            </full-stacktrace>
          </exception> <!-- org.openqa.selenium.StaleElementReferenceException -->
          <reporter-output>
          </reporter-output>
        </test-method> <!-- third_test -->
        <test-method status="PASS" signature="close()[pri:0, instance:autotest.ThirdTest@5a021cb9]" name="close" is-config="true" duration-ms="861" started-at="2019-05-10T06:39:03Z" finished-at="2019-05-10T06:39:04Z">
          <reporter-output>
          </reporter-output>
        </test-method> <!-- close -->
      </class> <!-- autotest.ThirdTest -->
    </test> <!-- third_test -->
  </suite> <!-- AllTestsSuite -->
</testng-results>
