<?xml version="1.0" encoding="UTF-8"?>
<!-- Generated by org.testng.reporters.JUnitXMLReporter -->
<testsuite hostname="LAPTOP-UCRQ5H7O" ignored="0" name="second_test" tests="3" failures="0" timestamp="10 мая 2019 13:21:33 GMT" time="432.216" errors="0">
  <testcase name="second_test" time="114.047" classname="autotest.SecondTest"/>
  <testcase name="second_test" time="177.135" classname="autotest.SecondTest"/>
  <testcase name="second_test" time="43.535" classname="autotest.SecondTest"/>
</testsuite> <!-- second_test -->
