<?xml version="1.0" encoding="UTF-8"?>
<!-- Generated by org.testng.reporters.JUnitXMLReporter -->
<testsuite hostname="LAPTOP-UCRQ5H7O" ignored="0" name="second_test" tests="3" failures="0" timestamp="10 мая 2019 06:38:39 GMT" time="116.453" errors="0">
  <testcase name="second_test" time="22.986" classname="autotest.SecondTest"/>
  <testcase name="second_test" time="19.076" classname="autotest.SecondTest"/>
  <testcase name="second_test" time="21.871" classname="autotest.SecondTest"/>
</testsuite> <!-- second_test -->
